<?xml version="1.0" encoding="UTF-8"?>
<testng-results skipped="0" failed="0" total="1" passed="1">
  <reporter-output>
  </reporter-output>
  <suite name="Default suite" duration-ms="4810" started-at="2021-02-17T12:56:19Z" finished-at="2021-02-17T12:56:24Z">
    <groups>
    </groups>
    <test name="Default test" duration-ms="4810" started-at="2021-02-17T12:56:19Z" finished-at="2021-02-17T12:56:24Z">
      <class name="com.rmg.test.CreateProject">
        <test-method status="PASS" signature="createProject()[pri:0, instance:com.rmg.test.CreateProject@5db250b4]" name="createProject" duration-ms="4771" started-at="2021-02-17T18:26:20Z" finished-at="2021-02-17T18:26:24Z">
          <reporter-output>
          </reporter-output>
        </test-method> <!-- createProject -->
      </class> <!-- com.rmg.test.CreateProject -->
    </test> <!-- Default test -->
  </suite> <!-- Default suite -->
</testng-results>
